<<<<<<< Updated upstream
2022-11-12T04:59:58+00:00 CRITICAL syntax error, unexpected identifier "t", expecting ")" in C:\xampp\htdocs\TMDT\wp-content\themes\storefront\functions.php on line 111
=======
2022-11-12T06:35:58+00:00 CRITICAL Maximum execution time of 120 seconds exceeded in C:\xampp\htdocs\TMDT\wp-includes\Requests\Transport\cURL.php on line 462

2022-11-12T06:41:46+00:00 CRITICAL Uncaught Error: Class 'WC_Payments_Admin_Settings' not found in C:\xampp\htdocs\TMDT\wp-content\plugins\woocommerce-payments\includes\class-wc-payment-gateway-wcpay.php:2970
Stack trace:
#0 C:\xampp\htdocs\TMDT\wp-content\plugins\woocommerce\src\Admin\Features\PaymentGatewaySuggestions\PaymentGatewaysController.php(40): WC_Payment_Gateway_WCPay::get_settings_url()
#1 C:\xampp\htdocs\TMDT\wp-includes\class-wp-hook.php(308): Automattic\WooCommerce\Admin\Features\PaymentGatewaySuggestions\PaymentGatewaysController::extend_response(Object(WP_REST_Response), Object(WCPay\Payment_Methods\CC_Payment_Gateway), Object(WP_REST_Request))
#2 C:\xampp\htdocs\TMDT\wp-includes\plugin.php(205): WP_Hook->apply_filters(Object(WP_REST_Response), Array)
#3 C:\xampp\htdocs\TMDT\wp-content\plugins\woocommerce\includes\rest-api\Controllers\Version3\class-wc-rest-payment-gateways-controller.php(63): apply_filters('woocommerce_res...', Object(WP_REST_Response), Object(WCPay\Payment_Methods\CC_Payment_Gateway), Object(WP_REST_Request) in C:\xampp\htdocs\TMDT\wp-content\plugins\woocommerce-payments\includes\class-wc-payment-gateway-wcpay.php on line 2970

2022-11-12T09:28:29+00:00 CRITICAL Uncaught Error: Class 'WC_Payments_Admin_Settings' not found in C:\xampp\htdocs\TMDT\wp-content\plugins\woocommerce-payments\includes\class-wc-payment-gateway-wcpay.php:2970
Stack trace:
#0 C:\xampp\htdocs\TMDT\wp-content\plugins\woocommerce\src\Admin\Features\PaymentGatewaySuggestions\PaymentGatewaysController.php(40): WC_Payment_Gateway_WCPay::get_settings_url()
#1 C:\xampp\htdocs\TMDT\wp-includes\class-wp-hook.php(308): Automattic\WooCommerce\Admin\Features\PaymentGatewaySuggestions\PaymentGatewaysController::extend_response(Object(WP_REST_Response), Object(WCPay\Payment_Methods\CC_Payment_Gateway), Object(WP_REST_Request))
#2 C:\xampp\htdocs\TMDT\wp-includes\plugin.php(205): WP_Hook->apply_filters(Object(WP_REST_Response), Array)
#3 C:\xampp\htdocs\TMDT\wp-content\plugins\woocommerce\includes\rest-api\Controllers\Version3\class-wc-rest-payment-gateways-controller.php(63): apply_filters('woocommerce_res...', Object(WP_REST_Response), Object(WCPay\Payment_Methods\CC_Payment_Gateway), Object(WP_REST_Request) in C:\xampp\htdocs\TMDT\wp-content\plugins\woocommerce-payments\includes\class-wc-payment-gateway-wcpay.php on line 2970

2022-11-12T09:28:59+00:00 CRITICAL Uncaught Error: Class 'WC_Payments_Admin_Settings' not found in C:\xampp\htdocs\TMDT\wp-content\plugins\woocommerce-payments\includes\class-wc-payment-gateway-wcpay.php:2970
Stack trace:
#0 C:\xampp\htdocs\TMDT\wp-content\plugins\woocommerce\src\Admin\Features\PaymentGatewaySuggestions\PaymentGatewaysController.php(40): WC_Payment_Gateway_WCPay::get_settings_url()
#1 C:\xampp\htdocs\TMDT\wp-includes\class-wp-hook.php(308): Automattic\WooCommerce\Admin\Features\PaymentGatewaySuggestions\PaymentGatewaysController::extend_response(Object(WP_REST_Response), Object(WCPay\Payment_Methods\CC_Payment_Gateway), Object(WP_REST_Request))
#2 C:\xampp\htdocs\TMDT\wp-includes\plugin.php(205): WP_Hook->apply_filters(Object(WP_REST_Response), Array)
#3 C:\xampp\htdocs\TMDT\wp-content\plugins\woocommerce\includes\rest-api\Controllers\Version3\class-wc-rest-payment-gateways-controller.php(63): apply_filters('woocommerce_res...', Object(WP_REST_Response), Object(WCPay\Payment_Methods\CC_Payment_Gateway), Object(WP_REST_Request) in C:\xampp\htdocs\TMDT\wp-content\plugins\woocommerce-payments\includes\class-wc-payment-gateway-wcpay.php on line 2970
>>>>>>> Stashed changes

2022-11-12T10:30:53+00:00 CRITICAL Maximum execution time of 120 seconds exceeded in C:\xampp\htdocs\TMDT\wp-includes\Requests\Transport\cURL.php on line 462

2022-11-12T13:32:50+00:00 CRITICAL Out of memory (allocated 23068672) (tried to allocate 131072 bytes) in C:\xampp\htdocs\TMDT\wp-content\plugins\woocommerce\includes\wc-template-functions.php on line 2964

2022-11-12T16:51:23+00:00 CRITICAL Maximum execution time of 120 seconds exceeded in C:\xampp\htdocs\TMDT\wp-includes\class-wpdb.php on line 2187

2022-11-12T17:01:57+00:00 CRITICAL Maximum execution time of 300 seconds exceeded in C:\xampp\htdocs\TMDT\wp-includes\Requests\Transport\cURL.php on line 462

2022-11-12T17:03:43+00:00 CRITICAL Maximum execution time of 300 seconds exceeded in C:\xampp\htdocs\TMDT\wp-includes\class-wpdb.php on line 2187

